<?xml version="1.0" encoding="UTF-8"?>
<!-- Generated by org.testng.reporters.JUnitReportReporter -->
<testsuite hostname="WDU8L0001966" name="com.spicejet.testcases.SearchPageTest" tests="2" failures="0" timestamp="10 Nov 2019 22:50:26 GMT" time="41.543" errors="0">
  <testcase name="lunchPageTest" time="21.806" classname="com.spicejet.testcases.SearchPageTest"/>
  <testcase name="lunchPageTest" time="19.737" classname="com.spicejet.testcases.SearchPageTest"/>
</testsuite> <!-- com.spicejet.testcases.SearchPageTest -->
